2018/06/15 16:28:00 [I] Load account from /Users/zhoubao/.qshell/account.json
2018/06/15 16:28:01 [I] Listing local sync dir, this can take a long time for big directory, please wait patiently
2018/06/15 16:28:01 [I] Walk `/Users/zhoubao/workplace/vue/vote-ts-vue/dist` start from 2018-06-15 16:28:01.086537 +0800 CST m=+0.156228277
2018/06/15 16:28:01 [I] Walking through `/Users/zhoubao/workplace/vue/vote-ts-vue/dist`
2018/06/15 16:28:01 [I] Walking through `/Users/zhoubao/workplace/vue/vote-ts-vue/dist/css`
2018/06/15 16:28:01 [I] Walking through `/Users/zhoubao/workplace/vue/vote-ts-vue/dist/img`
2018/06/15 16:28:01 [I] Walking through `/Users/zhoubao/workplace/vue/vote-ts-vue/dist/img/icons`
2018/06/15 16:28:01 [I] Walking through `/Users/zhoubao/workplace/vue/vote-ts-vue/dist/js`
2018/06/15 16:28:01 [I] Walk `/Users/zhoubao/workplace/vue/vote-ts-vue/dist` end at 2018-06-15 16:28:01.088169 +0800 CST m=+0.157860372
2018/06/15 16:28:01 [I] Walk `/Users/zhoubao/workplace/vue/vote-ts-vue/dist` last for 1.655383ms
2018/06/15 16:28:01 [I] Total file count cached 24
2018/06/15 16:28:01 [I] Uploading file /Users/zhoubao/workplace/vue/vote-ts-vue/dist/css/app.6e004136.css => vue-buck : css/app.6e004136.css
2018/06/15 16:28:01 [I] Uploading file /Users/zhoubao/workplace/vue/vote-ts-vue/dist/favicon.ico => vue-buck : favicon.ico
2018/06/15 16:28:01 [I] Uploading file /Users/zhoubao/workplace/vue/vote-ts-vue/dist/img/icons/android-chrome-192x192.png => vue-buck : img/icons/android-chrome-192x192.png
2018/06/15 16:28:01 [I] Uploading file /Users/zhoubao/workplace/vue/vote-ts-vue/dist/img/icons/android-chrome-512x512.png => vue-buck : img/icons/android-chrome-512x512.png
2018/06/15 16:28:01 [I] Uploading file /Users/zhoubao/workplace/vue/vote-ts-vue/dist/img/icons/apple-touch-icon-120x120.png => vue-buck : img/icons/apple-touch-icon-120x120.png
2018/06/15 16:28:01 [I] Uploading file /Users/zhoubao/workplace/vue/vote-ts-vue/dist/img/icons/apple-touch-icon-152x152.png => vue-buck : img/icons/apple-touch-icon-152x152.png
2018/06/15 16:28:01 [I] Uploading file /Users/zhoubao/workplace/vue/vote-ts-vue/dist/img/icons/apple-touch-icon-180x180.png => vue-buck : img/icons/apple-touch-icon-180x180.png
2018/06/15 16:28:01 [I] Uploading file /Users/zhoubao/workplace/vue/vote-ts-vue/dist/img/icons/apple-touch-icon-60x60.png => vue-buck : img/icons/apple-touch-icon-60x60.png
2018/06/15 16:28:01 [I] Uploading file /Users/zhoubao/workplace/vue/vote-ts-vue/dist/img/icons/apple-touch-icon-76x76.png => vue-buck : img/icons/apple-touch-icon-76x76.png
2018/06/15 16:28:01 [I] Uploading file /Users/zhoubao/workplace/vue/vote-ts-vue/dist/img/icons/apple-touch-icon.png => vue-buck : img/icons/apple-touch-icon.png
2018/06/15 16:28:01 [I] Uploading file /Users/zhoubao/workplace/vue/vote-ts-vue/dist/img/icons/favicon-16x16.png => vue-buck : img/icons/favicon-16x16.png
2018/06/15 16:28:01 [I] Upload file `/Users/zhoubao/workplace/vue/vote-ts-vue/dist/img/icons/apple-touch-icon-120x120.png` => `vue-buck : img/icons/apple-touch-icon-120x120.png` success
2018/06/15 16:28:01 [I] Upload file `/Users/zhoubao/workplace/vue/vote-ts-vue/dist/css/app.6e004136.css` => `vue-buck : css/app.6e004136.css` success
2018/06/15 16:28:01 [I] Uploading file /Users/zhoubao/workplace/vue/vote-ts-vue/dist/img/icons/favicon-32x32.png => vue-buck : img/icons/favicon-32x32.png
2018/06/15 16:28:01 [I] Uploading file /Users/zhoubao/workplace/vue/vote-ts-vue/dist/img/icons/msapplication-icon-144x144.png => vue-buck : img/icons/msapplication-icon-144x144.png
2018/06/15 16:28:01 [E] Form upload file `/Users/zhoubao/workplace/vue/vote-ts-vue/dist/favicon.ico` => `favicon.ico` failed due to nerror `file exists`
2018/06/15 16:28:01 [I] Uploading file /Users/zhoubao/workplace/vue/vote-ts-vue/dist/img/icons/mstile-150x150.png => vue-buck : img/icons/mstile-150x150.png
2018/06/15 16:28:01 [I] Upload file `/Users/zhoubao/workplace/vue/vote-ts-vue/dist/img/icons/android-chrome-192x192.png` => `vue-buck : img/icons/android-chrome-192x192.png` success
2018/06/15 16:28:01 [I] Uploading file /Users/zhoubao/workplace/vue/vote-ts-vue/dist/img/icons/safari-pinned-tab.svg => vue-buck : img/icons/safari-pinned-tab.svg
2018/06/15 16:28:01 [I] Upload file `/Users/zhoubao/workplace/vue/vote-ts-vue/dist/img/icons/android-chrome-512x512.png` => `vue-buck : img/icons/android-chrome-512x512.png` success
2018/06/15 16:28:01 [I] Uploading file /Users/zhoubao/workplace/vue/vote-ts-vue/dist/img/logo.82b9c7a5.png => vue-buck : img/logo.82b9c7a5.png
2018/06/15 16:28:01 [I] Upload file `/Users/zhoubao/workplace/vue/vote-ts-vue/dist/img/icons/apple-touch-icon-180x180.png` => `vue-buck : img/icons/apple-touch-icon-180x180.png` success
2018/06/15 16:28:01 [I] Uploading file /Users/zhoubao/workplace/vue/vote-ts-vue/dist/index.html => vue-buck : index.html
2018/06/15 16:28:01 [I] Upload file `/Users/zhoubao/workplace/vue/vote-ts-vue/dist/img/icons/apple-touch-icon-152x152.png` => `vue-buck : img/icons/apple-touch-icon-152x152.png` success
2018/06/15 16:28:01 [I] Upload file `/Users/zhoubao/workplace/vue/vote-ts-vue/dist/img/icons/apple-touch-icon-76x76.png` => `vue-buck : img/icons/apple-touch-icon-76x76.png` success
2018/06/15 16:28:01 [I] Uploading file /Users/zhoubao/workplace/vue/vote-ts-vue/dist/js/app.557b6927.js => vue-buck : js/app.557b6927.js
2018/06/15 16:28:01 [I] Uploading file /Users/zhoubao/workplace/vue/vote-ts-vue/dist/js/app.557b6927.js.map => vue-buck : js/app.557b6927.js.map
2018/06/15 16:28:01 [I] Upload file `/Users/zhoubao/workplace/vue/vote-ts-vue/dist/img/icons/apple-touch-icon-60x60.png` => `vue-buck : img/icons/apple-touch-icon-60x60.png` success
2018/06/15 16:28:01 [I] Uploading file /Users/zhoubao/workplace/vue/vote-ts-vue/dist/js/chunk-vendors.aba16d29.js => vue-buck : js/chunk-vendors.aba16d29.js
2018/06/15 16:28:01 [I] Upload file `/Users/zhoubao/workplace/vue/vote-ts-vue/dist/img/icons/apple-touch-icon.png` => `vue-buck : img/icons/apple-touch-icon.png` success
2018/06/15 16:28:01 [I] Uploading file /Users/zhoubao/workplace/vue/vote-ts-vue/dist/js/chunk-vendors.aba16d29.js.map => vue-buck : js/chunk-vendors.aba16d29.js.map
2018/06/15 16:28:01 [I] Upload file `/Users/zhoubao/workplace/vue/vote-ts-vue/dist/img/icons/favicon-16x16.png` => `vue-buck : img/icons/favicon-16x16.png` success
2018/06/15 16:28:01 [I] Uploading file /Users/zhoubao/workplace/vue/vote-ts-vue/dist/manifest.json => vue-buck : manifest.json
2018/06/15 16:28:01 [I] Upload file `/Users/zhoubao/workplace/vue/vote-ts-vue/dist/img/icons/msapplication-icon-144x144.png` => `vue-buck : img/icons/msapplication-icon-144x144.png` success
2018/06/15 16:28:01 [I] Upload file `/Users/zhoubao/workplace/vue/vote-ts-vue/dist/img/icons/favicon-32x32.png` => `vue-buck : img/icons/favicon-32x32.png` success
2018/06/15 16:28:01 [I] Uploading file /Users/zhoubao/workplace/vue/vote-ts-vue/dist/precache-manifest.c9b0f77762116b0f3f7e727f9a520eb8.js => vue-buck : precache-manifest.c9b0f77762116b0f3f7e727f9a520eb8.js
2018/06/15 16:28:01 [I] Uploading file /Users/zhoubao/workplace/vue/vote-ts-vue/dist/service-worker.js => vue-buck : service-worker.js
2018/06/15 16:28:01 [I] Upload file `/Users/zhoubao/workplace/vue/vote-ts-vue/dist/img/icons/mstile-150x150.png` => `vue-buck : img/icons/mstile-150x150.png` success
2018/06/15 16:28:01 [I] Upload file `/Users/zhoubao/workplace/vue/vote-ts-vue/dist/img/icons/safari-pinned-tab.svg` => `vue-buck : img/icons/safari-pinned-tab.svg` success
2018/06/15 16:28:01 [E] Form upload file `/Users/zhoubao/workplace/vue/vote-ts-vue/dist/index.html` => `index.html` failed due to nerror `file exists`
2018/06/15 16:28:01 [I] Upload file `/Users/zhoubao/workplace/vue/vote-ts-vue/dist/img/logo.82b9c7a5.png` => `vue-buck : img/logo.82b9c7a5.png` success
2018/06/15 16:28:01 [I] Upload file `/Users/zhoubao/workplace/vue/vote-ts-vue/dist/js/app.557b6927.js` => `vue-buck : js/app.557b6927.js` success
2018/06/15 16:28:01 [I] Upload file `/Users/zhoubao/workplace/vue/vote-ts-vue/dist/manifest.json` => `vue-buck : manifest.json` success
2018/06/15 16:28:01 [I] Upload file `/Users/zhoubao/workplace/vue/vote-ts-vue/dist/js/app.557b6927.js.map` => `vue-buck : js/app.557b6927.js.map` success
2018/06/15 16:28:01 [I] Upload file `/Users/zhoubao/workplace/vue/vote-ts-vue/dist/precache-manifest.c9b0f77762116b0f3f7e727f9a520eb8.js` => `vue-buck : precache-manifest.c9b0f77762116b0f3f7e727f9a520eb8.js` success
2018/06/15 16:28:01 [I] Upload file `/Users/zhoubao/workplace/vue/vote-ts-vue/dist/service-worker.js` => `vue-buck : service-worker.js` success
2018/06/15 16:28:01 [I] Upload file `/Users/zhoubao/workplace/vue/vote-ts-vue/dist/js/chunk-vendors.aba16d29.js` => `vue-buck : js/chunk-vendors.aba16d29.js` success
2018/06/15 16:28:01 [I] Upload file `/Users/zhoubao/workplace/vue/vote-ts-vue/dist/js/chunk-vendors.aba16d29.js.map` => `vue-buck : js/chunk-vendors.aba16d29.js.map` success
2018/06/15 16:28:01 [I] -------------Upload Result--------------
2018/06/15 16:28:01 [I]               Total:        24
2018/06/15 16:28:01 [I]             Success:        22
2018/06/15 16:28:01 [I]             Failure:         2
2018/06/15 16:28:01 [I]        NotOverwrite:         0
2018/06/15 16:28:01 [I]             Skipped:         0
2018/06/15 16:28:01 [I]            Duration:   728.871285ms
2018/06/15 16:28:01 [I] ----------------------------------------
